# Logfile created on 2014-07-19 20:39:29 +0800 by logger.rb/41954
I, [2014-07-19T20:39:29.725379 #19901]  INFO -- : These stocks A more than 25% below:
I, [2014-07-19T20:39:31.573656 #19901]  INFO -- : 600201 金宇集团 生物制药 the compounded growth rate is 0.2592746769380385 2009-12-31 00:00:00 UTC is 0.24 2013-09-30 00:00:00 UTC is 0.76
I, [2014-07-19T20:39:31.587486 #19901]  INFO -- : 000078 海王生物 生物制药 the compounded growth rate is 0.3195079107728942 2009-12-31 00:00:00 UTC is 0.02 2013-09-30 00:00:00 UTC is 0.08
I, [2014-07-19T20:39:31.588233 #19901]  INFO -- : 000403 *ST生化 生物制药 the compounded growth rate is 0.9873407546644581 2009-12-31 00:00:00 UTC is 0.01 2013-09-30 00:00:00 UTC is 0.31
I, [2014-07-19T20:39:31.593729 #19901]  INFO -- : 000915 山大华特 生物制药 the compounded growth rate is 0.3324467383744967 2009-12-31 00:00:00 UTC is 0.15 2013-09-30 00:00:00 UTC is 0.63
I, [2014-07-19T20:39:31.595539 #19901]  INFO -- : 600172 黄河旋风 其它行业 the compounded growth rate is 0.2658337541579836 2009-12-31 00:00:00 UTC is 0.08 2013-09-30 00:00:00 UTC is 0.26
I, [2014-07-19T20:39:31.595934 #19901]  INFO -- : 600516 方大炭素 其它行业 the compounded growth rate is 0.7411011265922482 2009-12-31 00:00:00 UTC is 0.01 2013-09-30 00:00:00 UTC is 0.16
I, [2014-07-19T20:39:31.601319 #19901]  INFO -- : 900917 海欣Ｂ股 其它行业 the compounded growth rate is 0.3797296614612149 2009-12-31 00:00:00 UTC is 0.01 2013-09-30 00:00:00 UTC is 0.05
I, [2014-07-19T20:39:31.614070 #19901]  INFO -- : 200011 深物业B 其它行业 the compounded growth rate is 0.3025855423486761 2009-12-31 00:00:00 UTC is 0.16 2013-09-30 00:00:00 UTC is 0.6
I, [2014-07-19T20:39:31.617979 #19901]  INFO -- : 200030 富奥B 其它行业 the compounded growth rate is 0.6250679774596395 2009-12-31 00:00:00 UTC is 0.03 2013-09-30 00:00:00 UTC is 0.34
I, [2014-07-19T20:39:31.626897 #19901]  INFO -- : 600340 华夏幸福 房地产 the compounded growth rate is 1.0196115953469707 2009-12-31 00:00:00 UTC is 0.05 2013-09-30 00:00:00 UTC is 1.68
I, [2014-07-19T20:39:31.635255 #19901]  INFO -- : 600733 S前锋 房地产 the compounded growth rate is 0.4062823883876352 2009-12-31 00:00:00 UTC is 0.02 2013-09-30 00:00:00 UTC is 0.11
I, [2014-07-19T20:39:31.637385 #19901]  INFO -- : 600791 京能置业 房地产 the compounded growth rate is 0.2658337541579836 2009-12-31 00:00:00 UTC is 0.04 2013-09-30 00:00:00 UTC is 0.13
I, [2014-07-19T20:39:31.638077 #19901]  INFO -- : 600823 世茂股份 房地产 the compounded growth rate is 0.29674411610965823 2009-12-31 00:00:00 UTC is 0.18 2013-09-30 00:00:00 UTC is 0.66
I, [2014-07-19T20:39:31.640516 #19901]  INFO -- : 000011 深物业A 房地产 the compounded growth rate is 0.3025855423486761 2009-12-31 00:00:00 UTC is 0.16 2013-09-30 00:00:00 UTC is 0.6
I, [2014-07-19T20:39:31.644691 #19901]  INFO -- : 600643 爱建股份 金融行业 the compounded growth rate is 0.3276536402307333 2009-12-31 00:00:00 UTC is 0.08 2013-09-30 00:00:00 UTC is 0.33
I, [2014-07-19T20:39:31.645359 #19901]  INFO -- : 600816 安信信托 金融行业 the compounded growth rate is 0.2539272451403496 2009-12-31 00:00:00 UTC is 0.1 2013-09-30 00:00:00 UTC is 0.31
I, [2014-07-19T20:39:31.650972 #19901]  INFO -- : 000750 国海证券 金融行业 the compounded growth rate is 0.3195079107728942 2009-12-31 00:00:00 UTC is 0.04 2013-09-30 00:00:00 UTC is 0.16
I, [2014-07-19T20:39:31.653919 #19901]  INFO -- : 600620 天宸股份 综合行业 the compounded growth rate is 0.32880113860839244 2009-12-31 00:00:00 UTC is 0.07 2013-09-30 00:00:00 UTC is 0.29
I, [2014-07-19T20:39:31.655443 #19901]  INFO -- : 600687 刚泰控股 综合行业 the compounded growth rate is 0.5431267884159363 2009-12-31 00:00:00 UTC is 0.04 2013-09-30 00:00:00 UTC is 0.35
I, [2014-07-19T20:39:31.657014 #19901]  INFO -- : 600777 新潮实业 综合行业 the compounded growth rate is 0.28473515712343933 2009-12-31 00:00:00 UTC is 0.02 2013-09-30 00:00:00 UTC is 0.07
I, [2014-07-19T20:39:31.658018 #19901]  INFO -- : 600811 东方集团 综合行业 the compounded growth rate is 0.353678289961735 2009-12-31 00:00:00 UTC is 0.11 2013-09-30 00:00:00 UTC is 0.5
I, [2014-07-19T20:39:31.661086 #19901]  INFO -- : 000701 厦门信达 综合行业 the compounded growth rate is 0.4037161625431458 2009-12-31 00:00:00 UTC is 0.2 2013-09-30 00:00:00 UTC is 1.09
I, [2014-07-19T20:39:31.668307 #19901]  INFO -- : 600111 包钢稀土 有色金属 the compounded growth rate is 0.5102642072886892 2009-12-31 00:00:00 UTC is 0.07 2013-09-30 00:00:00 UTC is 0.55
I, [2014-07-19T20:39:31.678032 #19901]  INFO -- : 000587 金叶珠宝 有色金属 the compounded growth rate is 0.356911634828607 2009-12-31 00:00:00 UTC is 0.05 2013-09-30 00:00:00 UTC is 0.23
I, [2014-07-19T20:39:31.838556 #19901]  INFO -- : 600654 飞乐股份 仪器仪表 the compounded growth rate is 0.6153942662021781 2009-12-31 00:00:00 UTC is 0.01 2013-09-30 00:00:00 UTC is 0.11
I, [2014-07-19T20:39:31.849336 #19901]  INFO -- : 600763 通策医疗 医疗器械 the compounded growth rate is 0.3000949207886645 2009-12-31 00:00:00 UTC is 0.14 2013-09-30 00:00:00 UTC is 0.52
I, [2014-07-19T20:39:31.854464 #19901]  INFO -- : 600120 浙江东方 物资外贸 the compounded growth rate is 0.3378414360792157 2009-12-31 00:00:00 UTC is 0.21 2013-09-30 00:00:00 UTC is 0.9
I, [2014-07-19T20:39:31.864686 #19901]  INFO -- : 002002 鸿达兴业 塑料制品 the compounded growth rate is 0.44652674988814756 2009-12-31 00:00:00 UTC is 0.06 2013-09-30 00:00:00 UTC is 0.38
I, [2014-07-19T20:39:31.871345 #19901]  INFO -- : 600318 巢东股份 水泥行业 the compounded growth rate is 0.5848931924611136 2009-12-31 00:00:00 UTC is 0.02 2013-09-30 00:00:00 UTC is 0.2
I, [2014-07-19T20:39:31.875497 #19901]  INFO -- : 000672 上峰水泥 水泥行业 the compounded growth rate is 0.4062823883876352 2009-12-31 00:00:00 UTC is 0.02 2013-09-30 00:00:00 UTC is 0.11
I, [2014-07-19T20:39:31.875870 #19901]  INFO -- : 000789 江西水泥 水泥行业 the compounded growth rate is 0.27819117414127104 2009-12-31 00:00:00 UTC is 0.17 2013-09-30 00:00:00 UTC is 0.58
I, [2014-07-19T20:39:31.899110 #19901]  INFO -- : 600778 XD友好集 商业百货 the compounded growth rate is 0.4076255449806543 2009-12-31 00:00:00 UTC is 0.19 2013-09-30 00:00:00 UTC is 1.05
I, [2014-07-19T20:39:31.899834 #19901]  INFO -- : 600790 轻纺城 商业百货 the compounded growth rate is 0.2945936165164078 2009-12-31 00:00:00 UTC is 0.11 2013-09-30 00:00:00 UTC is 0.4
I, [2014-07-19T20:39:31.902584 #19901]  INFO -- : 600857 工大首创 商业百货 the compounded growth rate is 0.2658337541579836 2009-12-31 00:00:00 UTC is 0.04 2013-09-30 00:00:00 UTC is 0.13
I, [2014-07-19T20:39:31.904202 #19901]  INFO -- : 600891 秋林集团 商业百货 the compounded growth rate is 0.3797296614612149 2009-12-31 00:00:00 UTC is 0.02 2013-09-30 00:00:00 UTC is 0.1
I, [2014-07-19T20:39:31.910060 #19901]  INFO -- : 600081 东风科技 汽车制造 the compounded growth rate is 0.3741660541180074 2009-12-31 00:00:00 UTC is 0.1 2013-09-30 00:00:00 UTC is 0.49
I, [2014-07-19T20:39:31.910442 #19901]  INFO -- : 600093 禾嘉股份 汽车制造 the compounded growth rate is 0.5848931924611136 2009-12-31 00:00:00 UTC is 0.01 2013-09-30 00:00:00 UTC is 0.1
I, [2014-07-19T20:39:31.920449 #19901]  INFO -- : 000030 富奥股份 汽车制造 the compounded growth rate is 0.6250679774596395 2009-12-31 00:00:00 UTC is 0.03 2013-09-30 00:00:00 UTC is 0.34
I, [2014-07-19T20:39:31.923477 #19901]  INFO -- : 000700 模塑科技 汽车制造 the compounded growth rate is 0.49125668978515424 2009-12-31 00:00:00 UTC is 0.08 2013-09-30 00:00:00 UTC is 0.59
I, [2014-07-19T20:39:31.924426 #19901]  INFO -- : 000757 浩物股份 汽车制造 the compounded growth rate is 0.34080129120845726 2009-12-31 00:00:00 UTC is 0.03 2013-09-30 00:00:00 UTC is 0.13
I, [2014-07-19T20:39:31.926315 #19901]  INFO -- : 000957 中通客车 汽车制造 the compounded growth rate is 0.3195079107728942 2009-12-31 00:00:00 UTC is 0.09 2013-09-30 00:00:00 UTC is 0.36
I, [2014-07-19T20:39:31.940059 #19901]  INFO -- : 000525 红 太 阳 农药化肥 the compounded growth rate is 1.2039445754429603 2009-12-31 00:00:00 UTC is 0.01 2013-09-30 00:00:00 UTC is 0.52
I, [2014-07-19T20:39:31.940593 #19901]  INFO -- : 000553 沙隆达Ａ 农药化肥 the compounded growth rate is 0.6054831235204614 2009-12-31 00:00:00 UTC is 0.03 2013-09-30 00:00:00 UTC is 0.32
I, [2014-07-19T20:39:31.948428 #19901]  INFO -- : 600251 冠农股份 农林牧渔 the compounded growth rate is 0.44269990590721364 2009-12-31 00:00:00 UTC is 0.08 2013-09-30 00:00:00 UTC is 0.5
I, [2014-07-19T20:39:31.948855 #19901]  INFO -- : 600257 大湖股份 农林牧渔 the compounded growth rate is 0.5973742081538302 2009-12-31 00:00:00 UTC is 0.05 2013-09-30 00:00:00 UTC is 0.52
I, [2014-07-19T20:39:31.952344 #19901]  INFO -- : 600965 福成五丰 农林牧渔 the compounded growth rate is 0.4757731615945522 2009-12-31 00:00:00 UTC is 0.02 2013-09-30 00:00:00 UTC is 0.14
I, [2014-07-19T20:39:31.964934 #19901]  INFO -- : 600090 啤酒花 酿酒行业 the compounded growth rate is 1.0361680046403983 2009-12-31 00:00:00 UTC is 0.01 2013-09-30 00:00:00 UTC is 0.35
I, [2014-07-19T20:39:31.970752 #19901]  INFO -- : 000752 西藏发展 酿酒行业 the compounded growth rate is 0.3797296614612149 2009-12-31 00:00:00 UTC is 0.11 2013-09-30 00:00:00 UTC is 0.55
I, [2014-07-19T20:39:31.975764 #19901]  INFO -- : 600157 永泰能源 煤炭行业 the compounded growth rate is 0.2658337541579836 2009-12-31 00:00:00 UTC is 0.08 2013-09-30 00:00:00 UTC is 0.26
I, [2014-07-19T20:39:31.983822 #19901]  INFO -- : 600593 大连圣亚 酒店旅游 the compounded growth rate is 0.6226711115996044 2009-12-31 00:00:00 UTC is 0.04 2013-09-30 00:00:00 UTC is 0.45
I, [2014-07-19T20:39:31.984217 #19901]  INFO -- : 600640 号百控股 酒店旅游 the compounded growth rate is 0.6952182030724356 2009-12-31 00:00:00 UTC is 0.01 2013-09-30 00:00:00 UTC is 0.14
I, [2014-07-19T20:39:31.985492 #19901]  INFO -- : 600749 西藏旅游 酒店旅游 the compounded growth rate is 0.5157165665103982 2009-12-31 00:00:00 UTC is 0.01 2013-09-30 00:00:00 UTC is 0.08
I, [2014-07-19T20:39:31.994168 #19901]  INFO -- : 600029 南方航空 交通运输 the compounded growth rate is 0.3797296614612149 2009-12-31 00:00:00 UTC is 0.05 2013-09-30 00:00:00 UTC is 0.25
I, [2014-07-19T20:39:31.995134 #19901]  INFO -- : 600115 东方航空 交通运输 the compounded growth rate is 0.311155923590563 2009-12-31 00:00:00 UTC is 0.08 2013-09-30 00:00:00 UTC is 0.31
I, [2014-07-19T20:39:32.000431 #19901]  INFO -- : 600692 亚通股份 交通运输 the compounded growth rate is 0.3195079107728942 2009-12-31 00:00:00 UTC is 0.01 2013-09-30 00:00:00 UTC is 0.04
I, [2014-07-19T20:39:32.002859 #19901]  INFO -- : 600894 广日股份 交通运输 the compounded growth rate is 0.5911826488548708 2009-12-31 00:00:00 UTC is 0.05 2013-09-30 00:00:00 UTC is 0.51
I, [2014-07-19T20:39:32.003226 #19901]  INFO -- : 600896 中海海盛 交通运输 the compounded growth rate is 0.34080129120845726 2009-12-31 00:00:00 UTC is 0.03 2013-09-30 00:00:00 UTC is 0.13
I, [2014-07-19T20:39:32.016760 #19901]  INFO -- : 600039 四川路桥 建筑建材 the compounded growth rate is 0.3608221078587388 2009-12-31 00:00:00 UTC is 0.09 2013-09-30 00:00:00 UTC is 0.42
I, [2014-07-19T20:39:32.047052 #19901]  INFO -- : 000921 海信科龙 家电行业 the compounded growth rate is 0.42129948513082205 2009-12-31 00:00:00 UTC is 0.15 2013-09-30 00:00:00 UTC is 0.87
I, [2014-07-19T20:39:32.058796 #19901]  INFO -- : 600855 航天长峰 机械行业 the compounded growth rate is 0.4757731615945522 2009-12-31 00:00:00 UTC is 0.01 2013-09-30 00:00:00 UTC is 0.07
I, [2014-07-19T20:39:32.064107 #19901]  INFO -- : 000519 江南红箭 机械行业 the compounded growth rate is 0.838416287252544 2009-12-31 00:00:00 UTC is 0.02 2013-09-30 00:00:00 UTC is 0.42
I, [2014-07-19T20:39:32.070604 #19901]  INFO -- : 002009 天奇股份 机械行业 the compounded growth rate is 0.9186451916253062 2009-12-31 00:00:00 UTC is 0.01 2013-09-30 00:00:00 UTC is 0.26
I, [2014-07-19T20:39:32.107894 #19901]  INFO -- : 600135 乐凯胶片 化工行业 the compounded growth rate is 0.5848931924611136 2009-12-31 00:00:00 UTC is 0.01 2013-09-30 00:00:00 UTC is 0.1
I, [2014-07-19T20:39:32.113575 #19901]  INFO -- : 600409 三友化工 化工行业 the compounded growth rate is 0.3509600385206135 2009-12-31 00:00:00 UTC is 0.04 2013-09-30 00:00:00 UTC is 0.18
I, [2014-07-19T20:39:32.115147 #19901]  INFO -- : 600636 三爱富 化工行业 the compounded growth rate is 0.43096908110525556 2009-12-31 00:00:00 UTC is 0.05 2013-09-30 00:00:00 UTC is 0.3
I, [2014-07-19T20:39:32.162205 #19901]  INFO -- : 600507 方大特钢 钢铁行业 the compounded growth rate is 0.4672421091215282 2009-12-31 00:00:00 UTC is 0.05 2013-09-30 00:00:00 UTC is 0.34
I, [2014-07-19T20:39:32.162633 #19901]  INFO -- : 600532 宏达矿业 钢铁行业 the compounded growth rate is 0.563174116740931 2009-12-31 00:00:00 UTC is 0.03 2013-09-30 00:00:00 UTC is 0.28
I, [2014-07-19T20:39:32.164744 #19901]  INFO -- : 600882 华联矿业 钢铁行业 the compounded growth rate is 0.5586821628039582 2009-12-31 00:00:00 UTC is 0.05 2013-09-30 00:00:00 UTC is 0.46
I, [2014-07-19T20:39:32.174745 #19901]  INFO -- : 600086 东方金钰 服装鞋类 the compounded growth rate is 0.6952182030724354 2009-12-31 00:00:00 UTC is 0.03 2013-09-30 00:00:00 UTC is 0.42
I, [2014-07-19T20:39:32.181074 #19901]  INFO -- : 002239 金 飞 达 服装鞋类 the compounded growth rate is 0.28473515712343933 2009-12-31 00:00:00 UTC is 0.14 2013-09-30 00:00:00 UTC is 0.49
I, [2014-07-19T20:39:32.188232 #19901]  INFO -- : 600372 中航电子 飞机制造 the compounded growth rate is 0.29674411610965823 2009-12-31 00:00:00 UTC is 0.06 2013-09-30 00:00:00 UTC is 0.22
I, [2014-07-19T20:39:32.195267 #19901]  INFO -- : 600851 海欣股份 纺织行业 the compounded growth rate is 0.3797296614612149 2009-12-31 00:00:00 UTC is 0.01 2013-09-30 00:00:00 UTC is 0.05
I, [2014-07-19T20:39:32.202152 #19901]  INFO -- : 002144 宏达高科 纺织行业 the compounded growth rate is 0.3128433885382442 2009-12-31 00:00:00 UTC is 0.1 2013-09-30 00:00:00 UTC is 0.39
I, [2014-07-19T20:39:32.232625 #19901]  INFO -- : 600677 航天通信 电子信息 the compounded growth rate is 0.3608221078587388 2009-12-31 00:00:00 UTC is 0.03 2013-09-30 00:00:00 UTC is 0.14
I, [2014-07-19T20:39:32.234790 #19901]  INFO -- : 600775 南京熊猫 电子信息 the compounded growth rate is 0.5518455739153598 2009-12-31 00:00:00 UTC is 0.02 2013-09-30 00:00:00 UTC is 0.18
I, [2014-07-19T20:39:32.236335 #19901]  INFO -- : 600850 华东电脑 电子信息 the compounded growth rate is 0.5431267884159363 2009-12-31 00:00:00 UTC is 0.04 2013-09-30 00:00:00 UTC is 0.35
I, [2014-07-19T20:39:32.240548 #19901]  INFO -- : 000586 汇源通信 电子信息 the compounded growth rate is 0.43096908110525556 2009-12-31 00:00:00 UTC is 0.01 2013-09-30 00:00:00 UTC is 0.06
I, [2014-07-19T20:39:32.241800 #19901]  INFO -- : 000801 四川九洲 电子信息 the compounded growth rate is 0.6153942662021781 2009-12-31 00:00:00 UTC is 0.01 2013-09-30 00:00:00 UTC is 0.11
I, [2014-07-19T20:39:32.243927 #19901]  INFO -- : 000977 浪潮信息 电子信息 the compounded growth rate is 0.8639596365956757 2009-12-31 00:00:00 UTC is 0.02 2013-09-30 00:00:00 UTC is 0.45
I, [2014-07-19T20:39:32.292186 #19901]  INFO -- : 000536 华映科技 电子器件 the compounded growth rate is 0.5093477841577481 2009-12-31 00:00:00 UTC is 0.06 2013-09-30 00:00:00 UTC is 0.47
I, [2014-07-19T20:39:32.292941 #19901]  INFO -- : 000725 京东方Ａ 电子器件 the compounded growth rate is 0.5848931924611136 2009-12-31 00:00:00 UTC is 0.01 2013-09-30 00:00:00 UTC is 0.1
I, [2014-07-19T20:39:32.298816 #19901]  INFO -- : 002057 中钢天源 电子器件 the compounded growth rate is 0.3356042305195701 2009-12-31 00:00:00 UTC is 0.04 2013-09-30 00:00:00 UTC is 0.17
I, [2014-07-19T20:39:32.319401 #19901]  INFO -- : 600396 金山股份 电力行业 the compounded growth rate is 0.35592693739426906 2009-12-31 00:00:00 UTC is 0.12 2013-09-30 00:00:00 UTC is 0.55
I, [2014-07-19T20:39:32.322745 #19901]  INFO -- : 600780 通宝能源 电力行业 the compounded growth rate is 0.9331820449317629 2009-12-31 00:00:00 UTC is 0.01 2013-09-30 00:00:00 UTC is 0.27
I, [2014-07-19T20:39:32.324275 #19901]  INFO -- : 600869 远东电缆 电力行业 the compounded growth rate is 0.5157165665103982 2009-12-31 00:00:00 UTC is 0.02 2013-09-30 00:00:00 UTC is 0.16
I, [2014-07-19T20:39:32.327654 #19901]  INFO -- : 000543 皖能电力 电力行业 the compounded growth rate is 0.4147038431719823 2009-12-31 00:00:00 UTC is 0.15 2013-09-30 00:00:00 UTC is 0.85
I, [2014-07-19T20:39:32.328028 #19901]  INFO -- : 000600 建投能源 电力行业 the compounded growth rate is 0.4757731615945522 2009-12-31 00:00:00 UTC is 0.08 2013-09-30 00:00:00 UTC is 0.56
I, [2014-07-19T20:39:32.328382 #19901]  INFO -- : 000601 韶能股份 电力行业 the compounded growth rate is 0.4062823883876352 2009-12-31 00:00:00 UTC is 0.04 2013-09-30 00:00:00 UTC is 0.22
I, [2014-07-19T20:39:32.332369 #19901]  INFO -- : 600637 百视通 传媒娱乐 the compounded growth rate is 0.5518455739153598 2009-12-31 00:00:00 UTC is 0.05 2013-09-30 00:00:00 UTC is 0.45
I, [2014-07-19T20:39:32.335344 #19901]  INFO -- : 000665 湖北广电 传媒娱乐 the compounded growth rate is 0.5953210211491025 2009-12-31 00:00:00 UTC is 0.03 2013-09-30 00:00:00 UTC is 0.31
I, [2014-07-19T20:39:32.335712 #19901]  INFO -- : 000719 大地传媒 传媒娱乐 the compounded growth rate is 0.30994525123562133 2009-12-31 00:00:00 UTC is 0.14 2013-09-30 00:00:00 UTC is 0.54
I, [2014-07-19T20:39:32.336368 #19901]  INFO -- : 000917 电广传媒 传媒娱乐 the compounded growth rate is 0.41707354463808577 2009-12-31 00:00:00 UTC is 0.07 2013-09-30 00:00:00 UTC is 0.4
