# Logfile created on 2014-07-17 00:08:41 +0800 by logger.rb/41954
I, [2014-07-17T00:08:41.215608 #5478]  INFO -- : start to crawl stockInfos of: http://vip.stock.finance.sina.com.cn+/corp/go.php/vFD_BalanceSheet/stockid/002025/ctrl/2006/displaytype/4.phtml
E, [2014-07-17T00:08:44.803098 #5478] ERROR -- : ---Error in crawlReportInfo!: Mysql2::Error: Duplicate entry '002025-2006-12-31 00:00:00' for key 'index_balance_sheet_reports_on_code_and_report_date': INSERT INTO `balance_sheet_reports` (`account_collected_in_advance`, `account_receivable`, `accounts_payable`, `accrued_expenses`, `accrued_interest_payable`, `accumulated_depreciation`, `acting_underwriting_securities`, `allowance_receivable`, `attributable_to_the_parent_company_shareholders_equity_in_total`, `bonds_payable`, `borrowings_from_central_bank`, `capital_reserves`, `capitalized_biological_assets`, `cash_and_cash_equivalents`, `circulation_right_for_equity_separatio`, `code`, `construction_in_progress`, `created_at`, `current_asset_losses_in_suspense`, `deferred_and_prepaid_expenses`, `deferred_income`, `deferred_income_tax_assets`, `deferred_income_tax_liabilities`, `deposit_reservation_for_balance`, `deposits_from_customers_and_interbank`, `derivative_financial_assets`, `derivative_financial_liability`, `development_disbursement`, `disposal_of_fixed_assets`, `distribution_of_cash_dividend`, `dividend_payable_for_reinsurance`, `dividend_receivable`, `dividends_payable`, `domestic_ticket_settlement`, `employee_pay_payable`, `expect_non_current_liabilities`, `expected_to_current_liabilities`, `export_drawback_receivable`, `financial_assets_available_for_sale`, `financial_assets_sold_for_repurchase`, `fixed_assets_depreciation_reserves`, `fixed_assets_net_value`, `generic_risk_reserve`, `goodwill`, `handling_charges_and_commissions_payable`, `held_to_maturity_investments`, `industry`, `intangible_asset`, `interest_receivable`, `internal_accouts_receivable`, `internal_receivables`, `international_ticket_settlement`, `inventory`, `investment_real_estate`, `liabilities_and_shareholders_equity_in_total`, `loans_and__advance`, `loans_from_other_banks`, `loans_to_others_banks`, `long_term_account_payable`, `long_term_account_receivable`, `long_term_deferred_and_prepaid_expenses`, `long_term_equity_investments`, `long_term_loans`, `margin_receivable`, `margin_requirement`, `minority_interest`, `name`, `net_value_of_fixed_assets`, `non_current_liabilities_due_within_one_year`, `non_profit_living_assets`, `noncurrent_assets_matured_within_a_year`, `notes_payable`, `notes_receivable`, `oil_gas_assets`, `original_value_of_fixed_assets`, `other_current_assets`, `other_current_liabilities`, `other_long_term_investment`, `other_non_current_assets`, `other_non_current_liabilities`, `other_payable_to_government`, `other_payables`, `other_receivables`, `paid_up_capital`, `premiums_receivable`, `prepayments`, `project_goods_and_material`, `provision_for_insurance_contracts`, `receivable_from_subcontracting_reserves`, `receivings_from_vicariously_traded_securities`, `redemptory_monetary_capital_for_sale`, `reinsurance_accounts_receivable`, `report_date`, `shareholders_equity_combined`, `short_term_borrowings`, `short_term_debentures_payable`, `special_payables`, `special_reserves`, `surplus_reserves`, `tax_payable`, `total_assets`, `total_current_assets`, `total_current_liabilities`, `total_liabilities`, `total_non_current_assets`, `total_non_current_liabilities`, `transaction_financial_liabilities`, `transaction_monetary_assets`, `translation_reserve`, `treasury_stock`, `uncertain_investment_losses`, `undistributed_profit`, `updated_at`) VALUES (415.51, 9499.87, 2675.55, 0.0, 0.0, 4522.58, 0.0, 0.0, 50509.9, 0.0, 0.0, 13809.6, 0.0, 27593.4, 0.0, '002025', 3115.3, '2014-07-16 16:08:44', 0.0, 0.0, 0.0, 311.38, 0.0, 0.0, 0.0, 0.0, 0.0, 0.0, 0.0, 0.0, 0.0, 0.0, 0.0, 0.0, 1189.62, 1000.0, 0.0, 0.0, 0.0, 0.0, 257.43, 12156.8, 0.0, 0.0, 0.0, 0.0, '电子器件', 241.12, 0.0, 0.0, 0.0, 0.0, 6659.61, 0.0, 64028.1, 0.0, 0.0, 0.0, 0.0, 0.0, 0.0, 0.0, 0.0, 0.0, 0.0, 4646.21, '航天电器', 11899.4, 0.0, 0.0, 0.0, 385.0, 2215.43, 0.0, 16679.4, 0.0, 4.0, 0.0, 0.0, 0.0, 0.0, 1415.81, 253.11, 14400.0, 0.0, 2239.45, 0.0, 0.0, 0.0, 0.0, 0.0, 0.0, '2006-12-31 00:00:00', 55156.1, 0.0, 0.0, 1708.99, 0.0, 7306.34, 77.48, 64028.1, 48460.9, 6162.96, 8871.95, 15567.2, 2708.99, 0.0, 0.0, 0.0, 0.0, 0.0, 14994.0, '2014-07-16 16:08:44')
/home/chenjiang/.rvm/gems/ruby-2.0.0-p481/gems/activerecord-4.1.2/lib/active_record/connection_adapters/abstract_mysql_adapter.rb:303:in `query'
/home/chenjiang/.rvm/gems/ruby-2.0.0-p481/gems/activerecord-4.1.2/lib/active_record/connection_adapters/abstract_mysql_adapter.rb:303:in `block in execute'
/home/chenjiang/.rvm/gems/ruby-2.0.0-p481/gems/activerecord-4.1.2/lib/active_record/connection_adapters/abstract_adapter.rb:373:in `block in log'
/home/chenjiang/.rvm/gems/ruby-2.0.0-p481/gems/activesupport-4.1.2/lib/active_support/notifications/instrumenter.rb:20:in `instrument'
/home/chenjiang/.rvm/gems/ruby-2.0.0-p481/gems/activerecord-4.1.2/lib/active_record/connection_adapters/abstract_adapter.rb:367:in `log'
/home/chenjiang/.rvm/gems/ruby-2.0.0-p481/gems/activerecord-4.1.2/lib/active_record/connection_adapters/abstract_mysql_adapter.rb:303:in `execute'
/home/chenjiang/.rvm/gems/ruby-2.0.0-p481/gems/activerecord-4.1.2/lib/active_record/connection_adapters/mysql2_adapter.rb:228:in `execute'
/home/chenjiang/.rvm/gems/ruby-2.0.0-p481/gems/activerecord-4.1.2/lib/active_record/connection_adapters/mysql2_adapter.rb:250:in `exec_insert'
/home/chenjiang/.rvm/gems/ruby-2.0.0-p481/gems/activerecord-4.1.2/lib/active_record/connection_adapters/abstract/database_statements.rb:95:in `insert'
/home/chenjiang/.rvm/gems/ruby-2.0.0-p481/gems/activerecord-4.1.2/lib/active_record/connection_adapters/abstract/query_cache.rb:14:in `insert'
/home/chenjiang/.rvm/gems/ruby-2.0.0-p481/gems/activerecord-4.1.2/lib/active_record/relation.rb:64:in `insert'
/home/chenjiang/.rvm/gems/ruby-2.0.0-p481/gems/activerecord-4.1.2/lib/active_record/persistence.rb:502:in `_create_record'
/home/chenjiang/.rvm/gems/ruby-2.0.0-p481/gems/activerecord-4.1.2/lib/active_record/attribute_methods/dirty.rb:87:in `_create_record'
/home/chenjiang/.rvm/gems/ruby-2.0.0-p481/gems/activerecord-4.1.2/lib/active_record/callbacks.rb:306:in `block in _create_record'
/home/chenjiang/.rvm/gems/ruby-2.0.0-p481/gems/activesupport-4.1.2/lib/active_support/callbacks.rb:82:in `run_callbacks'
/home/chenjiang/.rvm/gems/ruby-2.0.0-p481/gems/activerecord-4.1.2/lib/active_record/callbacks.rb:306:in `_create_record'
/home/chenjiang/.rvm/gems/ruby-2.0.0-p481/gems/activerecord-4.1.2/lib/active_record/timestamp.rb:57:in `_create_record'
/home/chenjiang/.rvm/gems/ruby-2.0.0-p481/gems/activerecord-4.1.2/lib/active_record/persistence.rb:482:in `create_or_update'
/home/chenjiang/.rvm/gems/ruby-2.0.0-p481/gems/activerecord-4.1.2/lib/active_record/callbacks.rb:302:in `block in create_or_update'
/home/chenjiang/.rvm/gems/ruby-2.0.0-p481/gems/activesupport-4.1.2/lib/active_support/callbacks.rb:82:in `run_callbacks'
/home/chenjiang/.rvm/gems/ruby-2.0.0-p481/gems/activerecord-4.1.2/lib/active_record/callbacks.rb:302:in `create_or_update'
/home/chenjiang/.rvm/gems/ruby-2.0.0-p481/gems/activerecord-4.1.2/lib/active_record/persistence.rb:103:in `save'
/home/chenjiang/.rvm/gems/ruby-2.0.0-p481/gems/activerecord-4.1.2/lib/active_record/validations.rb:51:in `save'
/home/chenjiang/.rvm/gems/ruby-2.0.0-p481/gems/activerecord-4.1.2/lib/active_record/attribute_methods/dirty.rb:21:in `save'
/home/chenjiang/.rvm/gems/ruby-2.0.0-p481/gems/activerecord-4.1.2/lib/active_record/transactions.rb:268:in `block (2 levels) in save'
/home/chenjiang/.rvm/gems/ruby-2.0.0-p481/gems/activerecord-4.1.2/lib/active_record/transactions.rb:329:in `block in with_transaction_returning_status'
/home/chenjiang/.rvm/gems/ruby-2.0.0-p481/gems/activerecord-4.1.2/lib/active_record/connection_adapters/abstract/database_statements.rb:201:in `block in transaction'
/home/chenjiang/.rvm/gems/ruby-2.0.0-p481/gems/activerecord-4.1.2/lib/active_record/connection_adapters/abstract/database_statements.rb:209:in `within_new_transaction'
/home/chenjiang/.rvm/gems/ruby-2.0.0-p481/gems/activerecord-4.1.2/lib/active_record/connection_adapters/abstract/database_statements.rb:201:in `transaction'
/home/chenjiang/.rvm/gems/ruby-2.0.0-p481/gems/activerecord-4.1.2/lib/active_record/transactions.rb:208:in `transaction'
/home/chenjiang/.rvm/gems/ruby-2.0.0-p481/gems/activerecord-4.1.2/lib/active_record/transactions.rb:326:in `with_transaction_returning_status'
/home/chenjiang/.rvm/gems/ruby-2.0.0-p481/gems/activerecord-4.1.2/lib/active_record/transactions.rb:268:in `block in save'
/home/chenjiang/.rvm/gems/ruby-2.0.0-p481/gems/activerecord-4.1.2/lib/active_record/transactions.rb:283:in `rollback_active_record_state!'
/home/chenjiang/.rvm/gems/ruby-2.0.0-p481/gems/activerecord-4.1.2/lib/active_record/transactions.rb:267:in `save'
/home/chenjiang/.rvm/gems/ruby-2.0.0-p481/gems/activerecord-4.1.2/lib/active_record/persistence.rb:34:in `create'
/home/chenjiang/.rvm/gems/ruby-2.0.0-p481/gems/activerecord-4.1.2/lib/active_record/persistence.rb:31:in `block in create'
/home/chenjiang/.rvm/gems/ruby-2.0.0-p481/gems/activerecord-4.1.2/lib/active_record/persistence.rb:31:in `collect'
/home/chenjiang/.rvm/gems/ruby-2.0.0-p481/gems/activerecord-4.1.2/lib/active_record/persistence.rb:31:in `create'
/home/chenjiang/RubymineProjects/StockCrawler/controller/stock_report_info_controller.rb:57:in `block (3 levels) in dispatch_tasks'
/home/chenjiang/.rvm/gems/ruby-2.0.0-p481/gems/activesupport-4.1.2/lib/active_support/core_ext/range/each.rb:7:in `each'
/home/chenjiang/.rvm/gems/ruby-2.0.0-p481/gems/activesupport-4.1.2/lib/active_support/core_ext/range/each.rb:7:in `each_with_time_with_zone'
/home/chenjiang/RubymineProjects/StockCrawler/controller/stock_report_info_controller.rb:27:in `block (2 levels) in dispatch_tasks'
/home/chenjiang/RubymineProjects/StockCrawler/controller/stock_report_info_controller.rb:25:in `each'
/home/chenjiang/RubymineProjects/StockCrawler/controller/stock_report_info_controller.rb:25:in `block in dispatch_tasks'
/home/chenjiang/.rvm/gems/ruby-2.0.0-p481/gems/activerecord-4.1.2/lib/active_record/relation/delegation.rb:46:in `each'
/home/chenjiang/.rvm/gems/ruby-2.0.0-p481/gems/activerecord-4.1.2/lib/active_record/relation/delegation.rb:46:in `each'
/home/chenjiang/RubymineProjects/StockCrawler/controller/stock_report_info_controller.rb:22:in `dispatch_tasks'
/home/chenjiang/RubymineProjects/StockCrawler/controller/stock_report_info_controller.rb:80:in `<top (required)>'
-e:1:in `load'
-e:1:in `<main>'
I, [2014-07-17T00:08:44.803374 #5478]  INFO -- : finish crawling stockInfos of: http://vip.stock.finance.sina.com.cn+/corp/go.php/vFD_BalanceSheet/stockid/002025/ctrl/2006/displaytype/4.phtml
I, [2014-07-17T00:08:44.803513 #5478]  INFO -- : start to crawl stockInfos of: http://vip.stock.finance.sina.com.cn+/corp/go.php/vFD_BalanceSheet/stockid/002025/ctrl/2007/displaytype/4.phtml
E, [2014-07-17T00:08:48.180904 #5478] ERROR -- : ---Error in crawlReportInfo!: Mysql2::Error: Duplicate entry '002025-2007-12-31 00:00:00' for key 'index_balance_sheet_reports_on_code_and_report_date': INSERT INTO `balance_sheet_reports` (`account_collected_in_advance`, `account_receivable`, `accounts_payable`, `accrued_expenses`, `accrued_interest_payable`, `accumulated_depreciation`, `acting_underwriting_securities`, `allowance_receivable`, `attributable_to_the_parent_company_shareholders_equity_in_total`, `bonds_payable`, `borrowings_from_central_bank`, `capital_reserves`, `capitalized_biological_assets`, `cash_and_cash_equivalents`, `circulation_right_for_equity_separatio`, `code`, `construction_in_progress`, `created_at`, `current_asset_losses_in_suspense`, `deferred_and_prepaid_expenses`, `deferred_income`, `deferred_income_tax_assets`, `deferred_income_tax_liabilities`, `deposit_reservation_for_balance`, `deposits_from_customers_and_interbank`, `derivative_financial_assets`, `derivative_financial_liability`, `development_disbursement`, `disposal_of_fixed_assets`, `distribution_of_cash_dividend`, `dividend_payable_for_reinsurance`, `dividend_receivable`, `dividends_payable`, `domestic_ticket_settlement`, `employee_pay_payable`, `expect_non_current_liabilities`, `expected_to_current_liabilities`, `export_drawback_receivable`, `financial_assets_available_for_sale`, `financial_assets_sold_for_repurchase`, `fixed_assets_depreciation_reserves`, `fixed_assets_net_value`, `generic_risk_reserve`, `goodwill`, `handling_charges_and_commissions_payable`, `held_to_maturity_investments`, `industry`, `intangible_asset`, `interest_receivable`, `internal_accouts_receivable`, `internal_receivables`, `international_ticket_settlement`, `inventory`, `investment_real_estate`, `liabilities_and_shareholders_equity_in_total`, `loans_and__advance`, `loans_from_other_banks`, `loans_to_others_banks`, `long_term_account_payable`, `long_term_account_receivable`, `long_term_deferred_and_prepaid_expenses`, `long_term_equity_investments`, `long_term_loans`, `margin_receivable`, `margin_requirement`, `minority_interest`, `name`, `net_value_of_fixed_assets`, `non_current_liabilities_due_within_one_year`, `non_profit_living_assets`, `noncurrent_assets_matured_within_a_year`, `notes_payable`, `notes_receivable`, `oil_gas_assets`, `original_value_of_fixed_assets`, `other_current_assets`, `other_current_liabilities`, `other_long_term_investment`, `other_non_current_assets`, `other_non_current_liabilities`, `other_payable_to_government`, `other_payables`, `other_receivables`, `paid_up_capital`, `premiums_receivable`, `prepayments`, `project_goods_and_material`, `provision_for_insurance_contracts`, `receivable_from_subcontracting_reserves`, `receivings_from_vicariously_traded_securities`, `redemptory_monetary_capital_for_sale`, `reinsurance_accounts_receivable`, `report_date`, `shareholders_equity_combined`, `short_term_borrowings`, `short_term_debentures_payable`, `special_payables`, `special_reserves`, `surplus_reserves`, `tax_payable`, `total_assets`, `total_current_assets`, `total_current_liabilities`, `total_liabilities`, `total_non_current_assets`, `total_non_current_liabilities`, `transaction_financial_liabilities`, `transaction_monetary_assets`, `translation_reserve`, `treasury_stock`, `uncertain_investment_losses`, `undistributed_profit`, `updated_at`) VALUES (2284.2, 11725.2, 3887.19, 0.0, 0.0, 6486.51, 0.0, 0.0, 101213.0, 0.0, 0.0, 53621.1, 0.0, 74633.6, 0.0, '002025', 979.28, '2014-07-16 16:08:48', 0.0, 0.0, 0.0, 361.98, 0.0, 0.0, 0.0, 0.0, 0.0, 0.0, 0.0, 0.0, 0.0, 0.0, 0.0, 0.0, 597.43, 1000.0, 0.0, 0.0, 0.0, 0.0, 257.43, 25804.2, 0.0, 0.0, 0.0, 0.0, '电子器件', 2032.55, 0.0, 0.0, 0.0, 0.0, 15489.8, 0.0, 136761.0, 0.0, 0.0, 0.0, 0.0, 0.0, 0.0, 16.36, 0.0, 0.0, 0.0, 23578.8, '航天电器', 25546.8, 0.0, 0.0, 0.0, 667.3, 3260.27, 0.0, 32290.7, 0.0, 0.0, 0.0, 0.0, 0.0, 0.0, 1254.99, 315.67, 16500.0, 0.0, 2399.92, 0.0, 0.0, 0.0, 0.0, 0.0, 0.0, '2007-12-31 00:00:00', 124792.0, 0.0, 0.0, 1767.78, 0.0, 8721.9, 510.37, 136761.0, 107824.0, 9201.48, 11969.3, 28937.0, 2767.78, 0.0, 0.0, 0.0, 0.0, 0.0, 22370.3, '2014-07-16 16:08:48')
/home/chenjiang/.rvm/gems/ruby-2.0.0-p481/gems/activerecord-4.1.2/lib/active_record/connection_adapters/abstract_mysql_adapter.rb:303:in `query'
/home/chenjiang/.rvm/gems/ruby-2.0.0-p481/gems/activerecord-4.1.2/lib/active_record/connection_adapters/abstract_mysql_adapter.rb:303:in `block in execute'
/home/chenjiang/.rvm/gems/ruby-2.0.0-p481/gems/activerecord-4.1.2/lib/active_record/connection_adapters/abstract_adapter.rb:373:in `block in log'
/home/chenjiang/.rvm/gems/ruby-2.0.0-p481/gems/activesupport-4.1.2/lib/active_support/notifications/instrumenter.rb:20:in `instrument'
/home/chenjiang/.rvm/gems/ruby-2.0.0-p481/gems/activerecord-4.1.2/lib/active_record/connection_adapters/abstract_adapter.rb:367:in `log'
/home/chenjiang/.rvm/gems/ruby-2.0.0-p481/gems/activerecord-4.1.2/lib/active_record/connection_adapters/abstract_mysql_adapter.rb:303:in `execute'
/home/chenjiang/.rvm/gems/ruby-2.0.0-p481/gems/activerecord-4.1.2/lib/active_record/connection_adapters/mysql2_adapter.rb:228:in `execute'
/home/chenjiang/.rvm/gems/ruby-2.0.0-p481/gems/activerecord-4.1.2/lib/active_record/connection_adapters/mysql2_adapter.rb:250:in `exec_insert'
/home/chenjiang/.rvm/gems/ruby-2.0.0-p481/gems/activerecord-4.1.2/lib/active_record/connection_adapters/abstract/database_statements.rb:95:in `insert'
/home/chenjiang/.rvm/gems/ruby-2.0.0-p481/gems/activerecord-4.1.2/lib/active_record/connection_adapters/abstract/query_cache.rb:14:in `insert'
/home/chenjiang/.rvm/gems/ruby-2.0.0-p481/gems/activerecord-4.1.2/lib/active_record/relation.rb:64:in `insert'
/home/chenjiang/.rvm/gems/ruby-2.0.0-p481/gems/activerecord-4.1.2/lib/active_record/persistence.rb:502:in `_create_record'
/home/chenjiang/.rvm/gems/ruby-2.0.0-p481/gems/activerecord-4.1.2/lib/active_record/attribute_methods/dirty.rb:87:in `_create_record'
/home/chenjiang/.rvm/gems/ruby-2.0.0-p481/gems/activerecord-4.1.2/lib/active_record/callbacks.rb:306:in `block in _create_record'
/home/chenjiang/.rvm/gems/ruby-2.0.0-p481/gems/activesupport-4.1.2/lib/active_support/callbacks.rb:82:in `run_callbacks'
/home/chenjiang/.rvm/gems/ruby-2.0.0-p481/gems/activerecord-4.1.2/lib/active_record/callbacks.rb:306:in `_create_record'
/home/chenjiang/.rvm/gems/ruby-2.0.0-p481/gems/activerecord-4.1.2/lib/active_record/timestamp.rb:57:in `_create_record'
/home/chenjiang/.rvm/gems/ruby-2.0.0-p481/gems/activerecord-4.1.2/lib/active_record/persistence.rb:482:in `create_or_update'
/home/chenjiang/.rvm/gems/ruby-2.0.0-p481/gems/activerecord-4.1.2/lib/active_record/callbacks.rb:302:in `block in create_or_update'
/home/chenjiang/.rvm/gems/ruby-2.0.0-p481/gems/activesupport-4.1.2/lib/active_support/callbacks.rb:82:in `run_callbacks'
/home/chenjiang/.rvm/gems/ruby-2.0.0-p481/gems/activerecord-4.1.2/lib/active_record/callbacks.rb:302:in `create_or_update'
/home/chenjiang/.rvm/gems/ruby-2.0.0-p481/gems/activerecord-4.1.2/lib/active_record/persistence.rb:103:in `save'
/home/chenjiang/.rvm/gems/ruby-2.0.0-p481/gems/activerecord-4.1.2/lib/active_record/validations.rb:51:in `save'
/home/chenjiang/.rvm/gems/ruby-2.0.0-p481/gems/activerecord-4.1.2/lib/active_record/attribute_methods/dirty.rb:21:in `save'
/home/chenjiang/.rvm/gems/ruby-2.0.0-p481/gems/activerecord-4.1.2/lib/active_record/transactions.rb:268:in `block (2 levels) in save'
/home/chenjiang/.rvm/gems/ruby-2.0.0-p481/gems/activerecord-4.1.2/lib/active_record/transactions.rb:329:in `block in with_transaction_returning_status'
/home/chenjiang/.rvm/gems/ruby-2.0.0-p481/gems/activerecord-4.1.2/lib/active_record/connection_adapters/abstract/database_statements.rb:201:in `block in transaction'
/home/chenjiang/.rvm/gems/ruby-2.0.0-p481/gems/activerecord-4.1.2/lib/active_record/connection_adapters/abstract/database_statements.rb:209:in `within_new_transaction'
/home/chenjiang/.rvm/gems/ruby-2.0.0-p481/gems/activerecord-4.1.2/lib/active_record/connection_adapters/abstract/database_statements.rb:201:in `transaction'
/home/chenjiang/.rvm/gems/ruby-2.0.0-p481/gems/activerecord-4.1.2/lib/active_record/transactions.rb:208:in `transaction'
/home/chenjiang/.rvm/gems/ruby-2.0.0-p481/gems/activerecord-4.1.2/lib/active_record/transactions.rb:326:in `with_transaction_returning_status'
/home/chenjiang/.rvm/gems/ruby-2.0.0-p481/gems/activerecord-4.1.2/lib/active_record/transactions.rb:268:in `block in save'
/home/chenjiang/.rvm/gems/ruby-2.0.0-p481/gems/activerecord-4.1.2/lib/active_record/transactions.rb:283:in `rollback_active_record_state!'
/home/chenjiang/.rvm/gems/ruby-2.0.0-p481/gems/activerecord-4.1.2/lib/active_record/transactions.rb:267:in `save'
/home/chenjiang/.rvm/gems/ruby-2.0.0-p481/gems/activerecord-4.1.2/lib/active_record/persistence.rb:34:in `create'
/home/chenjiang/.rvm/gems/ruby-2.0.0-p481/gems/activerecord-4.1.2/lib/active_record/persistence.rb:31:in `block in create'
/home/chenjiang/.rvm/gems/ruby-2.0.0-p481/gems/activerecord-4.1.2/lib/active_record/persistence.rb:31:in `collect'
/home/chenjiang/.rvm/gems/ruby-2.0.0-p481/gems/activerecord-4.1.2/lib/active_record/persistence.rb:31:in `create'
/home/chenjiang/RubymineProjects/StockCrawler/controller/stock_report_info_controller.rb:57:in `block (3 levels) in dispatch_tasks'
/home/chenjiang/.rvm/gems/ruby-2.0.0-p481/gems/activesupport-4.1.2/lib/active_support/core_ext/range/each.rb:7:in `each'
/home/chenjiang/.rvm/gems/ruby-2.0.0-p481/gems/activesupport-4.1.2/lib/active_support/core_ext/range/each.rb:7:in `each_with_time_with_zone'
/home/chenjiang/RubymineProjects/StockCrawler/controller/stock_report_info_controller.rb:27:in `block (2 levels) in dispatch_tasks'
/home/chenjiang/RubymineProjects/StockCrawler/controller/stock_report_info_controller.rb:25:in `each'
/home/chenjiang/RubymineProjects/StockCrawler/controller/stock_report_info_controller.rb:25:in `block in dispatch_tasks'
/home/chenjiang/.rvm/gems/ruby-2.0.0-p481/gems/activerecord-4.1.2/lib/active_record/relation/delegation.rb:46:in `each'
/home/chenjiang/.rvm/gems/ruby-2.0.0-p481/gems/activerecord-4.1.2/lib/active_record/relation/delegation.rb:46:in `each'
/home/chenjiang/RubymineProjects/StockCrawler/controller/stock_report_info_controller.rb:22:in `dispatch_tasks'
/home/chenjiang/RubymineProjects/StockCrawler/controller/stock_report_info_controller.rb:80:in `<top (required)>'
-e:1:in `load'
-e:1:in `<main>'
I, [2014-07-17T00:08:48.181200 #5478]  INFO -- : finish crawling stockInfos of: http://vip.stock.finance.sina.com.cn+/corp/go.php/vFD_BalanceSheet/stockid/002025/ctrl/2007/displaytype/4.phtml
I, [2014-07-17T00:08:48.181323 #5478]  INFO -- : start to crawl stockInfos of: http://vip.stock.finance.sina.com.cn+/corp/go.php/vFD_BalanceSheet/stockid/002025/ctrl/2008/displaytype/4.phtml
E, [2014-07-17T00:08:50.747753 #5478] ERROR -- : ---Error in crawlReportInfo!: Mysql2::Error: Duplicate entry '002025-2008-12-31 00:00:00' for key 'index_balance_sheet_reports_on_code_and_report_date': INSERT INTO `balance_sheet_reports` (`account_collected_in_advance`, `account_receivable`, `accounts_payable`, `accrued_expenses`, `accrued_interest_payable`, `accumulated_depreciation`, `acting_underwriting_securities`, `allowance_receivable`, `attributable_to_the_parent_company_shareholders_equity_in_total`, `bonds_payable`, `borrowings_from_central_bank`, `capital_reserves`, `capitalized_biological_assets`, `cash_and_cash_equivalents`, `circulation_right_for_equity_separatio`, `code`, `construction_in_progress`, `created_at`, `current_asset_losses_in_suspense`, `deferred_and_prepaid_expenses`, `deferred_income`, `deferred_income_tax_assets`, `deferred_income_tax_liabilities`, `deposit_reservation_for_balance`, `deposits_from_customers_and_interbank`, `derivative_financial_assets`, `derivative_financial_liability`, `development_disbursement`, `disposal_of_fixed_assets`, `distribution_of_cash_dividend`, `dividend_payable_for_reinsurance`, `dividend_receivable`, `dividends_payable`, `domestic_ticket_settlement`, `employee_pay_payable`, `expect_non_current_liabilities`, `expected_to_current_liabilities`, `export_drawback_receivable`, `financial_assets_available_for_sale`, `financial_assets_sold_for_repurchase`, `fixed_assets_depreciation_reserves`, `fixed_assets_net_value`, `generic_risk_reserve`, `goodwill`, `handling_charges_and_commissions_payable`, `held_to_maturity_investments`, `industry`, `intangible_asset`, `interest_receivable`, `internal_accouts_receivable`, `internal_receivables`, `international_ticket_settlement`, `inventory`, `investment_real_estate`, `liabilities_and_shareholders_equity_in_total`, `loans_and__advance`, `loans_from_other_banks`, `loans_to_others_banks`, `long_term_account_payable`, `long_term_account_receivable`, `long_term_deferred_and_prepaid_expenses`, `long_term_equity_investments`, `long_term_loans`, `margin_receivable`, `margin_requirement`, `minority_interest`, `name`, `net_value_of_fixed_assets`, `non_current_liabilities_due_within_one_year`, `non_profit_living_assets`, `noncurrent_assets_matured_within_a_year`, `notes_payable`, `notes_receivable`, `oil_gas_assets`, `original_value_of_fixed_assets`, `other_current_assets`, `other_current_liabilities`, `other_long_term_investment`, `other_non_current_assets`, `other_non_current_liabilities`, `other_payable_to_government`, `other_payables`, `other_receivables`, `paid_up_capital`, `premiums_receivable`, `prepayments`, `project_goods_and_material`, `provision_for_insurance_contracts`, `receivable_from_subcontracting_reserves`, `receivings_from_vicariously_traded_securities`, `redemptory_monetary_capital_for_sale`, `reinsurance_accounts_receivable`, `report_date`, `shareholders_equity_combined`, `short_term_borrowings`, `short_term_debentures_payable`, `special_payables`, `special_reserves`, `surplus_reserves`, `tax_payable`, `total_assets`, `total_current_assets`, `total_current_liabilities`, `total_liabilities`, `total_non_current_assets`, `total_non_current_liabilities`, `transaction_financial_liabilities`, `transaction_monetary_assets`, `translation_reserve`, `treasury_stock`, `uncertain_investment_losses`, `undistributed_profit`, `updated_at`) VALUES (2693.92, 14380.0, 9945.34, 0.0, 0.0, 9459.56, 0.0, 0.0, 109533.0, 0.0, 0.0, 42235.8, 0.0, 72038.1, 0.0, '002025', 2583.24, '2014-07-16 16:08:50', 0.0, 0.0, 0.0, 415.73, 0.0, 0.0, 0.0, 0.0, 0.0, 0.0, 0.0, 0.0, 0.0, 0.0, 0.0, 0.0, 911.14, 1000.0, 0.0, 0.0, 0.0, 0.0, 268.08, 25142.3, 0.0, 0.0, 0.0, 0.0, '电子器件', 16649.0, 0.0, 0.0, 0.0, 0.0, 24571.4, 0.0, 165600.0, 0.0, 0.0, 0.0, 0.0, 0.0, 0.0, 500.0, 0.0, 0.0, 0.0, 28831.8, '航天电器', 24874.2, 0.0, 0.0, 0.0, 922.0, 6378.92, 0.0, 34601.9, 0.0, 0.0, 0.0, 0.0, 0.0, 0.0, 8243.9, 409.26, 33000.0, 0.0, 2800.31, 0.0, 0.0, 0.0, 0.0, 0.0, 0.0, '2008-12-31 00:00:00', 138365.0, 0.0, 0.0, 3039.15, 0.0, 10311.2, 479.98, 165600.0, 120578.0, 23196.3, 27235.4, 45022.2, 4039.15, 0.0, 0.0, 0.0, 0.0, 0.0, 23986.0, '2014-07-16 16:08:50')
/home/chenjiang/.rvm/gems/ruby-2.0.0-p481/gems/activerecord-4.1.2/lib/active_record/connection_adapters/abstract_mysql_adapter.rb:303:in `query'
/home/chenjiang/.rvm/gems/ruby-2.0.0-p481/gems/activerecord-4.1.2/lib/active_record/connection_adapters/abstract_mysql_adapter.rb:303:in `block in execute'
/home/chenjiang/.rvm/gems/ruby-2.0.0-p481/gems/activerecord-4.1.2/lib/active_record/connection_adapters/abstract_adapter.rb:373:in `block in log'
/home/chenjiang/.rvm/gems/ruby-2.0.0-p481/gems/activesupport-4.1.2/lib/active_support/notifications/instrumenter.rb:20:in `instrument'
/home/chenjiang/.rvm/gems/ruby-2.0.0-p481/gems/activerecord-4.1.2/lib/active_record/connection_adapters/abstract_adapter.rb:367:in `log'
/home/chenjiang/.rvm/gems/ruby-2.0.0-p481/gems/activerecord-4.1.2/lib/active_record/connection_adapters/abstract_mysql_adapter.rb:303:in `execute'
/home/chenjiang/.rvm/gems/ruby-2.0.0-p481/gems/activerecord-4.1.2/lib/active_record/connection_adapters/mysql2_adapter.rb:228:in `execute'
/home/chenjiang/.rvm/gems/ruby-2.0.0-p481/gems/activerecord-4.1.2/lib/active_record/connection_adapters/mysql2_adapter.rb:250:in `exec_insert'
/home/chenjiang/.rvm/gems/ruby-2.0.0-p481/gems/activerecord-4.1.2/lib/active_record/connection_adapters/abstract/database_statements.rb:95:in `insert'
/home/chenjiang/.rvm/gems/ruby-2.0.0-p481/gems/activerecord-4.1.2/lib/active_record/connection_adapters/abstract/query_cache.rb:14:in `insert'
/home/chenjiang/.rvm/gems/ruby-2.0.0-p481/gems/activerecord-4.1.2/lib/active_record/relation.rb:64:in `insert'
/home/chenjiang/.rvm/gems/ruby-2.0.0-p481/gems/activerecord-4.1.2/lib/active_record/persistence.rb:502:in `_create_record'
/home/chenjiang/.rvm/gems/ruby-2.0.0-p481/gems/activerecord-4.1.2/lib/active_record/attribute_methods/dirty.rb:87:in `_create_record'
/home/chenjiang/.rvm/gems/ruby-2.0.0-p481/gems/activerecord-4.1.2/lib/active_record/callbacks.rb:306:in `block in _create_record'
/home/chenjiang/.rvm/gems/ruby-2.0.0-p481/gems/activesupport-4.1.2/lib/active_support/callbacks.rb:82:in `run_callbacks'
/home/chenjiang/.rvm/gems/ruby-2.0.0-p481/gems/activerecord-4.1.2/lib/active_record/callbacks.rb:306:in `_create_record'
/home/chenjiang/.rvm/gems/ruby-2.0.0-p481/gems/activerecord-4.1.2/lib/active_record/timestamp.rb:57:in `_create_record'
/home/chenjiang/.rvm/gems/ruby-2.0.0-p481/gems/activerecord-4.1.2/lib/active_record/persistence.rb:482:in `create_or_update'
/home/chenjiang/.rvm/gems/ruby-2.0.0-p481/gems/activerecord-4.1.2/lib/active_record/callbacks.rb:302:in `block in create_or_update'
/home/chenjiang/.rvm/gems/ruby-2.0.0-p481/gems/activesupport-4.1.2/lib/active_support/callbacks.rb:82:in `run_callbacks'
/home/chenjiang/.rvm/gems/ruby-2.0.0-p481/gems/activerecord-4.1.2/lib/active_record/callbacks.rb:302:in `create_or_update'
/home/chenjiang/.rvm/gems/ruby-2.0.0-p481/gems/activerecord-4.1.2/lib/active_record/persistence.rb:103:in `save'
/home/chenjiang/.rvm/gems/ruby-2.0.0-p481/gems/activerecord-4.1.2/lib/active_record/validations.rb:51:in `save'
/home/chenjiang/.rvm/gems/ruby-2.0.0-p481/gems/activerecord-4.1.2/lib/active_record/attribute_methods/dirty.rb:21:in `save'
/home/chenjiang/.rvm/gems/ruby-2.0.0-p481/gems/activerecord-4.1.2/lib/active_record/transactions.rb:268:in `block (2 levels) in save'
/home/chenjiang/.rvm/gems/ruby-2.0.0-p481/gems/activerecord-4.1.2/lib/active_record/transactions.rb:329:in `block in with_transaction_returning_status'
/home/chenjiang/.rvm/gems/ruby-2.0.0-p481/gems/activerecord-4.1.2/lib/active_record/connection_adapters/abstract/database_statements.rb:201:in `block in transaction'
/home/chenjiang/.rvm/gems/ruby-2.0.0-p481/gems/activerecord-4.1.2/lib/active_record/connection_adapters/abstract/database_statements.rb:209:in `within_new_transaction'
/home/chenjiang/.rvm/gems/ruby-2.0.0-p481/gems/activerecord-4.1.2/lib/active_record/connection_adapters/abstract/database_statements.rb:201:in `transaction'
/home/chenjiang/.rvm/gems/ruby-2.0.0-p481/gems/activerecord-4.1.2/lib/active_record/transactions.rb:208:in `transaction'
/home/chenjiang/.rvm/gems/ruby-2.0.0-p481/gems/activerecord-4.1.2/lib/active_record/transactions.rb:326:in `with_transaction_returning_status'
/home/chenjiang/.rvm/gems/ruby-2.0.0-p481/gems/activerecord-4.1.2/lib/active_record/transactions.rb:268:in `block in save'
/home/chenjiang/.rvm/gems/ruby-2.0.0-p481/gems/activerecord-4.1.2/lib/active_record/transactions.rb:283:in `rollback_active_record_state!'
/home/chenjiang/.rvm/gems/ruby-2.0.0-p481/gems/activerecord-4.1.2/lib/active_record/transactions.rb:267:in `save'
/home/chenjiang/.rvm/gems/ruby-2.0.0-p481/gems/activerecord-4.1.2/lib/active_record/persistence.rb:34:in `create'
/home/chenjiang/.rvm/gems/ruby-2.0.0-p481/gems/activerecord-4.1.2/lib/active_record/persistence.rb:31:in `block in create'
/home/chenjiang/.rvm/gems/ruby-2.0.0-p481/gems/activerecord-4.1.2/lib/active_record/persistence.rb:31:in `collect'
/home/chenjiang/.rvm/gems/ruby-2.0.0-p481/gems/activerecord-4.1.2/lib/active_record/persistence.rb:31:in `create'
/home/chenjiang/RubymineProjects/StockCrawler/controller/stock_report_info_controller.rb:57:in `block (3 levels) in dispatch_tasks'
/home/chenjiang/.rvm/gems/ruby-2.0.0-p481/gems/activesupport-4.1.2/lib/active_support/core_ext/range/each.rb:7:in `each'
/home/chenjiang/.rvm/gems/ruby-2.0.0-p481/gems/activesupport-4.1.2/lib/active_support/core_ext/range/each.rb:7:in `each_with_time_with_zone'
/home/chenjiang/RubymineProjects/StockCrawler/controller/stock_report_info_controller.rb:27:in `block (2 levels) in dispatch_tasks'
/home/chenjiang/RubymineProjects/StockCrawler/controller/stock_report_info_controller.rb:25:in `each'
/home/chenjiang/RubymineProjects/StockCrawler/controller/stock_report_info_controller.rb:25:in `block in dispatch_tasks'
/home/chenjiang/.rvm/gems/ruby-2.0.0-p481/gems/activerecord-4.1.2/lib/active_record/relation/delegation.rb:46:in `each'
/home/chenjiang/.rvm/gems/ruby-2.0.0-p481/gems/activerecord-4.1.2/lib/active_record/relation/delegation.rb:46:in `each'
/home/chenjiang/RubymineProjects/StockCrawler/controller/stock_report_info_controller.rb:22:in `dispatch_tasks'
/home/chenjiang/RubymineProjects/StockCrawler/controller/stock_report_info_controller.rb:80:in `<top (required)>'
-e:1:in `load'
-e:1:in `<main>'
I, [2014-07-17T00:08:50.748016 #5478]  INFO -- : finish crawling stockInfos of: http://vip.stock.finance.sina.com.cn+/corp/go.php/vFD_BalanceSheet/stockid/002025/ctrl/2008/displaytype/4.phtml
I, [2014-07-17T00:08:50.748138 #5478]  INFO -- : start to crawl stockInfos of: http://vip.stock.finance.sina.com.cn+/corp/go.php/vFD_BalanceSheet/stockid/002025/ctrl/2009/displaytype/4.phtml
E, [2014-07-17T00:08:52.736636 #5478] ERROR -- : ---Error in crawlReportInfo!: Mysql2::Error: Duplicate entry '002025-2009-12-31 00:00:00' for key 'index_balance_sheet_reports_on_code_and_report_date': INSERT INTO `balance_sheet_reports` (`account_collected_in_advance`, `account_receivable`, `accounts_payable`, `accrued_expenses`, `accrued_interest_payable`, `accumulated_depreciation`, `acting_underwriting_securities`, `allowance_receivable`, `attributable_to_the_parent_company_shareholders_equity_in_total`, `bonds_payable`, `borrowings_from_central_bank`, `capital_reserves`, `capitalized_biological_assets`, `cash_and_cash_equivalents`, `circulation_right_for_equity_separatio`, `code`, `construction_in_progress`, `created_at`, `current_asset_losses_in_suspense`, `deferred_and_prepaid_expenses`, `deferred_income`, `deferred_income_tax_assets`, `deferred_income_tax_liabilities`, `deposit_reservation_for_balance`, `deposits_from_customers_and_interbank`, `derivative_financial_assets`, `derivative_financial_liability`, `development_disbursement`, `disposal_of_fixed_assets`, `distribution_of_cash_dividend`, `dividend_payable_for_reinsurance`, `dividend_receivable`, `dividends_payable`, `domestic_ticket_settlement`, `employee_pay_payable`, `expect_non_current_liabilities`, `expected_to_current_liabilities`, `export_drawback_receivable`, `financial_assets_available_for_sale`, `financial_assets_sold_for_repurchase`, `fixed_assets_depreciation_reserves`, `fixed_assets_net_value`, `generic_risk_reserve`, `goodwill`, `handling_charges_and_commissions_payable`, `held_to_maturity_investments`, `industry`, `intangible_asset`, `interest_receivable`, `internal_accouts_receivable`, `internal_receivables`, `international_ticket_settlement`, `inventory`, `investment_real_estate`, `liabilities_and_shareholders_equity_in_total`, `loans_and__advance`, `loans_from_other_banks`, `loans_to_others_banks`, `long_term_account_payable`, `long_term_account_receivable`, `long_term_deferred_and_prepaid_expenses`, `long_term_equity_investments`, `long_term_loans`, `margin_receivable`, `margin_requirement`, `minority_interest`, `name`, `net_value_of_fixed_assets`, `non_current_liabilities_due_within_one_year`, `non_profit_living_assets`, `noncurrent_assets_matured_within_a_year`, `notes_payable`, `notes_receivable`, `oil_gas_assets`, `original_value_of_fixed_assets`, `other_current_assets`, `other_current_liabilities`, `other_long_term_investment`, `other_non_current_assets`, `other_non_current_liabilities`, `other_payable_to_government`, `other_payables`, `other_receivables`, `paid_up_capital`, `premiums_receivable`, `prepayments`, `project_goods_and_material`, `provision_for_insurance_contracts`, `receivable_from_subcontracting_reserves`, `receivings_from_vicariously_traded_securities`, `redemptory_monetary_capital_for_sale`, `reinsurance_accounts_receivable`, `report_date`, `shareholders_equity_combined`, `short_term_borrowings`, `short_term_debentures_payable`, `special_payables`, `special_reserves`, `surplus_reserves`, `tax_payable`, `total_assets`, `total_current_assets`, `total_current_liabilities`, `total_liabilities`, `total_non_current_assets`, `total_non_current_liabilities`, `transaction_financial_liabilities`, `transaction_monetary_assets`, `translation_reserve`, `treasury_stock`, `uncertain_investment_losses`, `undistributed_profit`, `updated_at`) VALUES (4408.93, 21952.1, 10433.6, 0.0, 0.0, 13008.3, 0.0, 0.0, 119813.0, 0.0, 0.0, 42204.1, 0.0, 59387.6, 0.0, '002025', 7626.14, '2014-07-16 16:08:52', 0.0, 0.0, 0.0, 642.66, 0.0, 0.0, 0.0, 0.0, 0.0, 0.0, 0.0, 0.0, 0.0, 0.0, 0.0, 0.0, 1001.66, 1000.0, 0.0, 0.0, 0.0, 0.0, 257.43, 27412.2, 0.0, 0.0, 0.0, 0.0, '电子器件', 7086.92, 0.0, 0.0, 0.0, 0.0, 23445.0, 0.0, 172379.0, 0.0, 0.0, 0.0, 0.0, 0.0, 0.0, 2547.94, 0.0, 0.0, 0.0, 28252.9, '航天电器', 27154.8, 0.0, 0.0, 0.0, 664.0, 5771.26, 0.0, 40420.6, 0.0, 0.0, 0.0, 0.0, 4310.77, 0.0, 1878.4, 846.16, 33000.0, 0.0, 15918.6, 0.0, 0.0, 0.0, 0.0, 0.0, 0.0, '2009-12-31 00:00:00', 148066.0, 0.0, 0.0, 0.0, 0.0, 12557.7, 615.46, 172379.0, 127321.0, 19002.1, 24312.9, 45058.4, 5310.77, 0.0, 0.0, 0.0, 0.0, 0.0, 32051.6, '2014-07-16 16:08:52')
/home/chenjiang/.rvm/gems/ruby-2.0.0-p481/gems/activerecord-4.1.2/lib/active_record/connection_adapters/abstract_mysql_adapter.rb:303:in `query'
/home/chenjiang/.rvm/gems/ruby-2.0.0-p481/gems/activerecord-4.1.2/lib/active_record/connection_adapters/abstract_mysql_adapter.rb:303:in `block in execute'
/home/chenjiang/.rvm/gems/ruby-2.0.0-p481/gems/activerecord-4.1.2/lib/active_record/connection_adapters/abstract_adapter.rb:373:in `block in log'
/home/chenjiang/.rvm/gems/ruby-2.0.0-p481/gems/activesupport-4.1.2/lib/active_support/notifications/instrumenter.rb:20:in `instrument'
/home/chenjiang/.rvm/gems/ruby-2.0.0-p481/gems/activerecord-4.1.2/lib/active_record/connection_adapters/abstract_adapter.rb:367:in `log'
/home/chenjiang/.rvm/gems/ruby-2.0.0-p481/gems/activerecord-4.1.2/lib/active_record/connection_adapters/abstract_mysql_adapter.rb:303:in `execute'
/home/chenjiang/.rvm/gems/ruby-2.0.0-p481/gems/activerecord-4.1.2/lib/active_record/connection_adapters/mysql2_adapter.rb:228:in `execute'
/home/chenjiang/.rvm/gems/ruby-2.0.0-p481/gems/activerecord-4.1.2/lib/active_record/connection_adapters/mysql2_adapter.rb:250:in `exec_insert'
/home/chenjiang/.rvm/gems/ruby-2.0.0-p481/gems/activerecord-4.1.2/lib/active_record/connection_adapters/abstract/database_statements.rb:95:in `insert'
/home/chenjiang/.rvm/gems/ruby-2.0.0-p481/gems/activerecord-4.1.2/lib/active_record/connection_adapters/abstract/query_cache.rb:14:in `insert'
/home/chenjiang/.rvm/gems/ruby-2.0.0-p481/gems/activerecord-4.1.2/lib/active_record/relation.rb:64:in `insert'
/home/chenjiang/.rvm/gems/ruby-2.0.0-p481/gems/activerecord-4.1.2/lib/active_record/persistence.rb:502:in `_create_record'
/home/chenjiang/.rvm/gems/ruby-2.0.0-p481/gems/activerecord-4.1.2/lib/active_record/attribute_methods/dirty.rb:87:in `_create_record'
/home/chenjiang/.rvm/gems/ruby-2.0.0-p481/gems/activerecord-4.1.2/lib/active_record/callbacks.rb:306:in `block in _create_record'
/home/chenjiang/.rvm/gems/ruby-2.0.0-p481/gems/activesupport-4.1.2/lib/active_support/callbacks.rb:82:in `run_callbacks'
/home/chenjiang/.rvm/gems/ruby-2.0.0-p481/gems/activerecord-4.1.2/lib/active_record/callbacks.rb:306:in `_create_record'
/home/chenjiang/.rvm/gems/ruby-2.0.0-p481/gems/activerecord-4.1.2/lib/active_record/timestamp.rb:57:in `_create_record'
/home/chenjiang/.rvm/gems/ruby-2.0.0-p481/gems/activerecord-4.1.2/lib/active_record/persistence.rb:482:in `create_or_update'
/home/chenjiang/.rvm/gems/ruby-2.0.0-p481/gems/activerecord-4.1.2/lib/active_record/callbacks.rb:302:in `block in create_or_update'
/home/chenjiang/.rvm/gems/ruby-2.0.0-p481/gems/activesupport-4.1.2/lib/active_support/callbacks.rb:82:in `run_callbacks'
/home/chenjiang/.rvm/gems/ruby-2.0.0-p481/gems/activerecord-4.1.2/lib/active_record/callbacks.rb:302:in `create_or_update'
/home/chenjiang/.rvm/gems/ruby-2.0.0-p481/gems/activerecord-4.1.2/lib/active_record/persistence.rb:103:in `save'
/home/chenjiang/.rvm/gems/ruby-2.0.0-p481/gems/activerecord-4.1.2/lib/active_record/validations.rb:51:in `save'
/home/chenjiang/.rvm/gems/ruby-2.0.0-p481/gems/activerecord-4.1.2/lib/active_record/attribute_methods/dirty.rb:21:in `save'
/home/chenjiang/.rvm/gems/ruby-2.0.0-p481/gems/activerecord-4.1.2/lib/active_record/transactions.rb:268:in `block (2 levels) in save'
/home/chenjiang/.rvm/gems/ruby-2.0.0-p481/gems/activerecord-4.1.2/lib/active_record/transactions.rb:329:in `block in with_transaction_returning_status'
/home/chenjiang/.rvm/gems/ruby-2.0.0-p481/gems/activerecord-4.1.2/lib/active_record/connection_adapters/abstract/database_statements.rb:201:in `block in transaction'
/home/chenjiang/.rvm/gems/ruby-2.0.0-p481/gems/activerecord-4.1.2/lib/active_record/connection_adapters/abstract/database_statements.rb:209:in `within_new_transaction'
/home/chenjiang/.rvm/gems/ruby-2.0.0-p481/gems/activerecord-4.1.2/lib/active_record/connection_adapters/abstract/database_statements.rb:201:in `transaction'
/home/chenjiang/.rvm/gems/ruby-2.0.0-p481/gems/activerecord-4.1.2/lib/active_record/transactions.rb:208:in `transaction'
/home/chenjiang/.rvm/gems/ruby-2.0.0-p481/gems/activerecord-4.1.2/lib/active_record/transactions.rb:326:in `with_transaction_returning_status'
/home/chenjiang/.rvm/gems/ruby-2.0.0-p481/gems/activerecord-4.1.2/lib/active_record/transactions.rb:268:in `block in save'
/home/chenjiang/.rvm/gems/ruby-2.0.0-p481/gems/activerecord-4.1.2/lib/active_record/transactions.rb:283:in `rollback_active_record_state!'
/home/chenjiang/.rvm/gems/ruby-2.0.0-p481/gems/activerecord-4.1.2/lib/active_record/transactions.rb:267:in `save'
/home/chenjiang/.rvm/gems/ruby-2.0.0-p481/gems/activerecord-4.1.2/lib/active_record/persistence.rb:34:in `create'
/home/chenjiang/.rvm/gems/ruby-2.0.0-p481/gems/activerecord-4.1.2/lib/active_record/persistence.rb:31:in `block in create'
/home/chenjiang/.rvm/gems/ruby-2.0.0-p481/gems/activerecord-4.1.2/lib/active_record/persistence.rb:31:in `collect'
/home/chenjiang/.rvm/gems/ruby-2.0.0-p481/gems/activerecord-4.1.2/lib/active_record/persistence.rb:31:in `create'
/home/chenjiang/RubymineProjects/StockCrawler/controller/stock_report_info_controller.rb:57:in `block (3 levels) in dispatch_tasks'
/home/chenjiang/.rvm/gems/ruby-2.0.0-p481/gems/activesupport-4.1.2/lib/active_support/core_ext/range/each.rb:7:in `each'
/home/chenjiang/.rvm/gems/ruby-2.0.0-p481/gems/activesupport-4.1.2/lib/active_support/core_ext/range/each.rb:7:in `each_with_time_with_zone'
/home/chenjiang/RubymineProjects/StockCrawler/controller/stock_report_info_controller.rb:27:in `block (2 levels) in dispatch_tasks'
/home/chenjiang/RubymineProjects/StockCrawler/controller/stock_report_info_controller.rb:25:in `each'
/home/chenjiang/RubymineProjects/StockCrawler/controller/stock_report_info_controller.rb:25:in `block in dispatch_tasks'
/home/chenjiang/.rvm/gems/ruby-2.0.0-p481/gems/activerecord-4.1.2/lib/active_record/relation/delegation.rb:46:in `each'
/home/chenjiang/.rvm/gems/ruby-2.0.0-p481/gems/activerecord-4.1.2/lib/active_record/relation/delegation.rb:46:in `each'
/home/chenjiang/RubymineProjects/StockCrawler/controller/stock_report_info_controller.rb:22:in `dispatch_tasks'
/home/chenjiang/RubymineProjects/StockCrawler/controller/stock_report_info_controller.rb:80:in `<top (required)>'
-e:1:in `load'
-e:1:in `<main>'
I, [2014-07-17T00:08:52.736926 #5478]  INFO -- : finish crawling stockInfos of: http://vip.stock.finance.sina.com.cn+/corp/go.php/vFD_BalanceSheet/stockid/002025/ctrl/2009/displaytype/4.phtml
I, [2014-07-17T00:08:52.737057 #5478]  INFO -- : start to crawl stockInfos of: http://vip.stock.finance.sina.com.cn+/corp/go.php/vFD_BalanceSheet/stockid/002025/ctrl/2010/displaytype/4.phtml
E, [2014-07-17T00:08:56.252021 #5478] ERROR -- : ---Error in crawlReportInfo!: Mysql2::Error: Duplicate entry '002025-2010-12-31 00:00:00' for key 'index_balance_sheet_reports_on_code_and_report_date': INSERT INTO `balance_sheet_reports` (`account_collected_in_advance`, `account_receivable`, `accounts_payable`, `accrued_expenses`, `accrued_interest_payable`, `accumulated_depreciation`, `acting_underwriting_securities`, `allowance_receivable`, `attributable_to_the_parent_company_shareholders_equity_in_total`, `bonds_payable`, `borrowings_from_central_bank`, `capital_reserves`, `capitalized_biological_assets`, `cash_and_cash_equivalents`, `circulation_right_for_equity_separatio`, `code`, `construction_in_progress`, `created_at`, `current_asset_losses_in_suspense`, `deferred_and_prepaid_expenses`, `deferred_income`, `deferred_income_tax_assets`, `deferred_income_tax_liabilities`, `deposit_reservation_for_balance`, `deposits_from_customers_and_interbank`, `derivative_financial_assets`, `derivative_financial_liability`, `development_disbursement`, `disposal_of_fixed_assets`, `distribution_of_cash_dividend`, `dividend_payable_for_reinsurance`, `dividend_receivable`, `dividends_payable`, `domestic_ticket_settlement`, `employee_pay_payable`, `expect_non_current_liabilities`, `expected_to_current_liabilities`, `export_drawback_receivable`, `financial_assets_available_for_sale`, `financial_assets_sold_for_repurchase`, `fixed_assets_depreciation_reserves`, `fixed_assets_net_value`, `generic_risk_reserve`, `goodwill`, `handling_charges_and_commissions_payable`, `held_to_maturity_investments`, `industry`, `intangible_asset`, `interest_receivable`, `internal_accouts_receivable`, `internal_receivables`, `international_ticket_settlement`, `inventory`, `investment_real_estate`, `liabilities_and_shareholders_equity_in_total`, `loans_and__advance`, `loans_from_other_banks`, `loans_to_others_banks`, `long_term_account_payable`, `long_term_account_receivable`, `long_term_deferred_and_prepaid_expenses`, `long_term_equity_investments`, `long_term_loans`, `margin_receivable`, `margin_requirement`, `minority_interest`, `name`, `net_value_of_fixed_assets`, `non_current_liabilities_due_within_one_year`, `non_profit_living_assets`, `noncurrent_assets_matured_within_a_year`, `notes_payable`, `notes_receivable`, `oil_gas_assets`, `original_value_of_fixed_assets`, `other_current_assets`, `other_current_liabilities`, `other_long_term_investment`, `other_non_current_assets`, `other_non_current_liabilities`, `other_payable_to_government`, `other_payables`, `other_receivables`, `paid_up_capital`, `premiums_receivable`, `prepayments`, `project_goods_and_material`, `provision_for_insurance_contracts`, `receivable_from_subcontracting_reserves`, `receivings_from_vicariously_traded_securities`, `redemptory_monetary_capital_for_sale`, `reinsurance_accounts_receivable`, `report_date`, `shareholders_equity_combined`, `short_term_borrowings`, `short_term_debentures_payable`, `special_payables`, `special_reserves`, `surplus_reserves`, `tax_payable`, `total_assets`, `total_current_assets`, `total_current_liabilities`, `total_liabilities`, `total_non_current_assets`, `total_non_current_liabilities`, `transaction_financial_liabilities`, `transaction_monetary_assets`, `translation_reserve`, `treasury_stock`, `uncertain_investment_losses`, `undistributed_profit`, `updated_at`) VALUES (8468.43, 20930.1, 13397.5, 0.0, 0.0, 16928.4, 0.0, 0.0, 128273.0, 0.0, 0.0, 42217.0, 0.0, 55631.4, 0.0, '002025', 18115.7, '2014-07-16 16:08:56', 0.0, 0.0, 0.0, 392.89, 0.0, 0.0, 0.0, 0.0, 0.0, 0.0, 0.0, 0.0, 0.0, 0.0, 0.0, 0.0, 1164.66, 922.21, 0.0, 0.0, 0.0, 0.0, 257.43, 33186.6, 0.0, 0.0, 0.0, 0.0, '电子器件', 9387.26, 0.0, 0.0, 0.0, 0.0, 29639.6, 0.0, 188374.0, 0.0, 0.0, 0.0, 0.0, 0.0, 0.0, 2547.94, 0.0, 0.0, 0.0, 29433.3, '航天电器', 32929.2, 0.0, 0.0, 0.0, 374.72, 11024.7, 0.0, 50115.0, 0.0, 0.0, 0.0, 0.0, 4502.66, 0.0, 1494.4, 667.44, 33000.0, 0.0, 7108.01, 0.0, 0.0, 0.0, 0.0, 0.0, 0.0, '2010-12-31 00:00:00', 157707.0, 0.0, 0.0, 0.0, 0.0, 14365.6, 342.84, 188374.0, 125001.0, 25242.6, 30667.4, 63373.0, 5424.87, 0.0, 0.0, 0.0, 0.0, 0.0, 38690.9, '2014-07-16 16:08:56')
/home/chenjiang/.rvm/gems/ruby-2.0.0-p481/gems/activerecord-4.1.2/lib/active_record/connection_adapters/abstract_mysql_adapter.rb:303:in `query'
/home/chenjiang/.rvm/gems/ruby-2.0.0-p481/gems/activerecord-4.1.2/lib/active_record/connection_adapters/abstract_mysql_adapter.rb:303:in `block in execute'
/home/chenjiang/.rvm/gems/ruby-2.0.0-p481/gems/activerecord-4.1.2/lib/active_record/connection_adapters/abstract_adapter.rb:373:in `block in log'
/home/chenjiang/.rvm/gems/ruby-2.0.0-p481/gems/activesupport-4.1.2/lib/active_support/notifications/instrumenter.rb:20:in `instrument'
/home/chenjiang/.rvm/gems/ruby-2.0.0-p481/gems/activerecord-4.1.2/lib/active_record/connection_adapters/abstract_adapter.rb:367:in `log'
/home/chenjiang/.rvm/gems/ruby-2.0.0-p481/gems/activerecord-4.1.2/lib/active_record/connection_adapters/abstract_mysql_adapter.rb:303:in `execute'
/home/chenjiang/.rvm/gems/ruby-2.0.0-p481/gems/activerecord-4.1.2/lib/active_record/connection_adapters/mysql2_adapter.rb:228:in `execute'
/home/chenjiang/.rvm/gems/ruby-2.0.0-p481/gems/activerecord-4.1.2/lib/active_record/connection_adapters/mysql2_adapter.rb:250:in `exec_insert'
/home/chenjiang/.rvm/gems/ruby-2.0.0-p481/gems/activerecord-4.1.2/lib/active_record/connection_adapters/abstract/database_statements.rb:95:in `insert'
/home/chenjiang/.rvm/gems/ruby-2.0.0-p481/gems/activerecord-4.1.2/lib/active_record/connection_adapters/abstract/query_cache.rb:14:in `insert'
/home/chenjiang/.rvm/gems/ruby-2.0.0-p481/gems/activerecord-4.1.2/lib/active_record/relation.rb:64:in `insert'
/home/chenjiang/.rvm/gems/ruby-2.0.0-p481/gems/activerecord-4.1.2/lib/active_record/persistence.rb:502:in `_create_record'
/home/chenjiang/.rvm/gems/ruby-2.0.0-p481/gems/activerecord-4.1.2/lib/active_record/attribute_methods/dirty.rb:87:in `_create_record'
/home/chenjiang/.rvm/gems/ruby-2.0.0-p481/gems/activerecord-4.1.2/lib/active_record/callbacks.rb:306:in `block in _create_record'
/home/chenjiang/.rvm/gems/ruby-2.0.0-p481/gems/activesupport-4.1.2/lib/active_support/callbacks.rb:82:in `run_callbacks'
/home/chenjiang/.rvm/gems/ruby-2.0.0-p481/gems/activerecord-4.1.2/lib/active_record/callbacks.rb:306:in `_create_record'
/home/chenjiang/.rvm/gems/ruby-2.0.0-p481/gems/activerecord-4.1.2/lib/active_record/timestamp.rb:57:in `_create_record'
/home/chenjiang/.rvm/gems/ruby-2.0.0-p481/gems/activerecord-4.1.2/lib/active_record/persistence.rb:482:in `create_or_update'
/home/chenjiang/.rvm/gems/ruby-2.0.0-p481/gems/activerecord-4.1.2/lib/active_record/callbacks.rb:302:in `block in create_or_update'
/home/chenjiang/.rvm/gems/ruby-2.0.0-p481/gems/activesupport-4.1.2/lib/active_support/callbacks.rb:82:in `run_callbacks'
/home/chenjiang/.rvm/gems/ruby-2.0.0-p481/gems/activerecord-4.1.2/lib/active_record/callbacks.rb:302:in `create_or_update'
/home/chenjiang/.rvm/gems/ruby-2.0.0-p481/gems/activerecord-4.1.2/lib/active_record/persistence.rb:103:in `save'
/home/chenjiang/.rvm/gems/ruby-2.0.0-p481/gems/activerecord-4.1.2/lib/active_record/validations.rb:51:in `save'
/home/chenjiang/.rvm/gems/ruby-2.0.0-p481/gems/activerecord-4.1.2/lib/active_record/attribute_methods/dirty.rb:21:in `save'
/home/chenjiang/.rvm/gems/ruby-2.0.0-p481/gems/activerecord-4.1.2/lib/active_record/transactions.rb:268:in `block (2 levels) in save'
/home/chenjiang/.rvm/gems/ruby-2.0.0-p481/gems/activerecord-4.1.2/lib/active_record/transactions.rb:329:in `block in with_transaction_returning_status'
/home/chenjiang/.rvm/gems/ruby-2.0.0-p481/gems/activerecord-4.1.2/lib/active_record/connection_adapters/abstract/database_statements.rb:201:in `block in transaction'
/home/chenjiang/.rvm/gems/ruby-2.0.0-p481/gems/activerecord-4.1.2/lib/active_record/connection_adapters/abstract/database_statements.rb:209:in `within_new_transaction'
/home/chenjiang/.rvm/gems/ruby-2.0.0-p481/gems/activerecord-4.1.2/lib/active_record/connection_adapters/abstract/database_statements.rb:201:in `transaction'
/home/chenjiang/.rvm/gems/ruby-2.0.0-p481/gems/activerecord-4.1.2/lib/active_record/transactions.rb:208:in `transaction'
/home/chenjiang/.rvm/gems/ruby-2.0.0-p481/gems/activerecord-4.1.2/lib/active_record/transactions.rb:326:in `with_transaction_returning_status'
/home/chenjiang/.rvm/gems/ruby-2.0.0-p481/gems/activerecord-4.1.2/lib/active_record/transactions.rb:268:in `block in save'
/home/chenjiang/.rvm/gems/ruby-2.0.0-p481/gems/activerecord-4.1.2/lib/active_record/transactions.rb:283:in `rollback_active_record_state!'
/home/chenjiang/.rvm/gems/ruby-2.0.0-p481/gems/activerecord-4.1.2/lib/active_record/transactions.rb:267:in `save'
/home/chenjiang/.rvm/gems/ruby-2.0.0-p481/gems/activerecord-4.1.2/lib/active_record/persistence.rb:34:in `create'
/home/chenjiang/.rvm/gems/ruby-2.0.0-p481/gems/activerecord-4.1.2/lib/active_record/persistence.rb:31:in `block in create'
/home/chenjiang/.rvm/gems/ruby-2.0.0-p481/gems/activerecord-4.1.2/lib/active_record/persistence.rb:31:in `collect'
/home/chenjiang/.rvm/gems/ruby-2.0.0-p481/gems/activerecord-4.1.2/lib/active_record/persistence.rb:31:in `create'
/home/chenjiang/RubymineProjects/StockCrawler/controller/stock_report_info_controller.rb:57:in `block (3 levels) in dispatch_tasks'
/home/chenjiang/.rvm/gems/ruby-2.0.0-p481/gems/activesupport-4.1.2/lib/active_support/core_ext/range/each.rb:7:in `each'
/home/chenjiang/.rvm/gems/ruby-2.0.0-p481/gems/activesupport-4.1.2/lib/active_support/core_ext/range/each.rb:7:in `each_with_time_with_zone'
/home/chenjiang/RubymineProjects/StockCrawler/controller/stock_report_info_controller.rb:27:in `block (2 levels) in dispatch_tasks'
/home/chenjiang/RubymineProjects/StockCrawler/controller/stock_report_info_controller.rb:25:in `each'
/home/chenjiang/RubymineProjects/StockCrawler/controller/stock_report_info_controller.rb:25:in `block in dispatch_tasks'
/home/chenjiang/.rvm/gems/ruby-2.0.0-p481/gems/activerecord-4.1.2/lib/active_record/relation/delegation.rb:46:in `each'
/home/chenjiang/.rvm/gems/ruby-2.0.0-p481/gems/activerecord-4.1.2/lib/active_record/relation/delegation.rb:46:in `each'
/home/chenjiang/RubymineProjects/StockCrawler/controller/stock_report_info_controller.rb:22:in `dispatch_tasks'
/home/chenjiang/RubymineProjects/StockCrawler/controller/stock_report_info_controller.rb:80:in `<top (required)>'
-e:1:in `load'
-e:1:in `<main>'
I, [2014-07-17T00:08:56.252307 #5478]  INFO -- : finish crawling stockInfos of: http://vip.stock.finance.sina.com.cn+/corp/go.php/vFD_BalanceSheet/stockid/002025/ctrl/2010/displaytype/4.phtml
I, [2014-07-17T00:08:56.252429 #5478]  INFO -- : start to crawl stockInfos of: http://vip.stock.finance.sina.com.cn+/corp/go.php/vFD_BalanceSheet/stockid/002025/ctrl/2011/displaytype/4.phtml
E, [2014-07-17T00:08:57.243010 #5478] ERROR -- : ---Error in crawlReportInfo!: 
/home/chenjiang/RubymineProjects/StockCrawler/controller/stock_report_info_controller.rb:35:in `sleep'
/home/chenjiang/RubymineProjects/StockCrawler/controller/stock_report_info_controller.rb:35:in `block (3 levels) in dispatch_tasks'
/home/chenjiang/.rvm/gems/ruby-2.0.0-p481/gems/activesupport-4.1.2/lib/active_support/core_ext/range/each.rb:7:in `each'
/home/chenjiang/.rvm/gems/ruby-2.0.0-p481/gems/activesupport-4.1.2/lib/active_support/core_ext/range/each.rb:7:in `each_with_time_with_zone'
/home/chenjiang/RubymineProjects/StockCrawler/controller/stock_report_info_controller.rb:27:in `block (2 levels) in dispatch_tasks'
/home/chenjiang/RubymineProjects/StockCrawler/controller/stock_report_info_controller.rb:25:in `each'
/home/chenjiang/RubymineProjects/StockCrawler/controller/stock_report_info_controller.rb:25:in `block in dispatch_tasks'
/home/chenjiang/.rvm/gems/ruby-2.0.0-p481/gems/activerecord-4.1.2/lib/active_record/relation/delegation.rb:46:in `each'
/home/chenjiang/.rvm/gems/ruby-2.0.0-p481/gems/activerecord-4.1.2/lib/active_record/relation/delegation.rb:46:in `each'
/home/chenjiang/RubymineProjects/StockCrawler/controller/stock_report_info_controller.rb:22:in `dispatch_tasks'
/home/chenjiang/RubymineProjects/StockCrawler/controller/stock_report_info_controller.rb:80:in `<top (required)>'
-e:1:in `load'
-e:1:in `<main>'
I, [2014-07-17T00:08:57.243296 #5478]  INFO -- : finish crawling stockInfos of: http://vip.stock.finance.sina.com.cn+/corp/go.php/vFD_BalanceSheet/stockid/002025/ctrl/2011/displaytype/4.phtml
I, [2014-07-17T00:08:57.243539 #5478]  INFO -- : start to crawl stockInfos of: http://vip.stock.finance.sina.com.cn+/corp/go.php/vFD_BalanceSheet/stockid/002025/ctrl/2012/displaytype/4.phtml
I, [2014-07-30T06:28:17.842956 #7097]  INFO -- : Error in crawl_stock_day_info:  wrong number of arguments (0 for 1)
/home/chenjiang/.rvm/gems/ruby-2.0.0-p481/gems/wombat-2.2.1/lib/wombat/dsl/metadata.rb:15:in `base_url'
/home/chenjiang/.rvm/gems/ruby-2.0.0-p481/gems/wombat-2.2.1/lib/wombat/crawler.rb:19:in `method_missing'
/home/chenjiang/RubymineProjects/StockCrawler/crawler/stock_long_term_info_crawler.rb:12:in `block in crawl_stock_long_term_info'
/home/chenjiang/.rvm/gems/ruby-2.0.0-p481/gems/wombat-2.2.1/lib/wombat/crawler.rb:22:in `instance_eval'
/home/chenjiang/.rvm/gems/ruby-2.0.0-p481/gems/wombat-2.2.1/lib/wombat/crawler.rb:22:in `crawl'
/home/chenjiang/.rvm/gems/ruby-2.0.0-p481/gems/wombat-2.2.1/lib/wombat.rb:13:in `crawl'
/home/chenjiang/RubymineProjects/StockCrawler/crawler/stock_long_term_info_crawler.rb:11:in `crawl_stock_long_term_info'
/home/chenjiang/RubymineProjects/StockCrawler/crawler/stock_long_term_info_crawler.rb:42:in `<top (required)>'
-e:1:in `load'
-e:1:in `<main>'
I, [2014-07-30T06:28:45.701826 #7107]  INFO -- : Error in crawl_stock_day_info:  wrong number of arguments (0 for 1)
/home/chenjiang/.rvm/gems/ruby-2.0.0-p481/gems/wombat-2.2.1/lib/wombat/dsl/metadata.rb:15:in `base_url'
/home/chenjiang/.rvm/gems/ruby-2.0.0-p481/gems/wombat-2.2.1/lib/wombat/crawler.rb:19:in `method_missing'
/home/chenjiang/RubymineProjects/StockCrawler/crawler/stock_long_term_info_crawler.rb:12:in `block in crawl_stock_long_term_info'
/home/chenjiang/.rvm/gems/ruby-2.0.0-p481/gems/wombat-2.2.1/lib/wombat/crawler.rb:22:in `instance_eval'
/home/chenjiang/.rvm/gems/ruby-2.0.0-p481/gems/wombat-2.2.1/lib/wombat/crawler.rb:22:in `crawl'
/home/chenjiang/.rvm/gems/ruby-2.0.0-p481/gems/wombat-2.2.1/lib/wombat.rb:13:in `crawl'
/home/chenjiang/RubymineProjects/StockCrawler/crawler/stock_long_term_info_crawler.rb:11:in `crawl_stock_long_term_info'
/home/chenjiang/RubymineProjects/StockCrawler/crawler/stock_long_term_info_crawler.rb:42:in `<top (required)>'
-e:1:in `load'
-e:1:in `<main>'
I, [2014-07-30T06:29:16.969501 #7120]  INFO -- : Error in crawl_stock_day_info:  wrong number of arguments (0 for 1)
/home/chenjiang/.rvm/gems/ruby-2.0.0-p481/gems/wombat-2.2.1/lib/wombat/dsl/metadata.rb:15:in `base_url'
/home/chenjiang/.rvm/gems/ruby-2.0.0-p481/gems/wombat-2.2.1/lib/wombat/crawler.rb:19:in `method_missing'
/home/chenjiang/RubymineProjects/StockCrawler/crawler/stock_long_term_info_crawler.rb:12:in `block in crawl_stock_long_term_info'
/home/chenjiang/.rvm/gems/ruby-2.0.0-p481/gems/wombat-2.2.1/lib/wombat/crawler.rb:22:in `instance_eval'
/home/chenjiang/.rvm/gems/ruby-2.0.0-p481/gems/wombat-2.2.1/lib/wombat/crawler.rb:22:in `crawl'
/home/chenjiang/.rvm/gems/ruby-2.0.0-p481/gems/wombat-2.2.1/lib/wombat.rb:13:in `crawl'
/home/chenjiang/RubymineProjects/StockCrawler/crawler/stock_long_term_info_crawler.rb:11:in `crawl_stock_long_term_info'
/home/chenjiang/RubymineProjects/StockCrawler/crawler/stock_long_term_info_crawler.rb:42:in `<top (required)>'
-e:1:in `load'
-e:1:in `<main>'
